<?xml version="1.0" encoding="utf-8"?><testsuites><testsuite errors="0" failures="0" hostname="debian-pox" name="pytest" skipped="0" tests="0" time="0.016" timestamp="2020-05-04T22:03:38.211626"></testsuite></testsuites>