<?xml version="1.0" encoding="utf-8"?><testsuites><testsuite errors="0" failures="0" hostname="debian-pox" name="pytest" skipped="0" tests="0" time="0.021" timestamp="2020-05-04T21:56:03.563362"></testsuite></testsuites>